This file contains any messages produced by compilers while
running configure, to aid debugging if configure makes a mistake.

It was created by libnetfilter_conntrack configure 0.9.1, which was
generated by GNU Autoconf 2.65.  Invocation command line was

  $ ./configure 

## --------- ##
## Platform. ##
## --------- ##

hostname = wwwwww-701SD
uname -m = i686
uname -r = 2.6.35-30-generic
uname -s = Linux
uname -v = #60-Ubuntu SMP Mon Sep 19 20:45:08 UTC 2011

/usr/bin/uname -p = unknown
/bin/uname -X     = unknown

/bin/arch              = unknown
/usr/bin/arch -k       = unknown
/usr/convex/getsysinfo = unknown
/usr/bin/hostinfo      = unknown
/bin/machine           = unknown
/usr/bin/oslevel       = unknown
/bin/universe          = unknown

PATH: /usr/local/sbin
PATH: /usr/local/bin
PATH: /usr/sbin
PATH: /usr/bin
PATH: /sbin
PATH: /bin
PATH: /usr/games


## ----------- ##
## Core tests. ##
## ----------- ##

configure:2340: checking build system type
configure:2354: result: i686-pc-linux-gnu
configure:2374: checking host system type
configure:2387: result: i686-pc-linux-gnu
configure:2425: checking for a BSD-compatible install
configure:2493: result: /usr/bin/install -c
configure:2504: checking whether build environment is sane
configure:2554: result: yes
configure:2695: checking for a thread-safe mkdir -p
configure:2734: result: /bin/mkdir -p
configure:2747: checking for gawk
configure:2763: found /usr/bin/gawk
configure:2774: result: gawk
configure:2785: checking whether make sets $(MAKE)
configure:2807: result: yes
configure:2936: checking for gcc
configure:2952: found /usr/bin/gcc
configure:2963: result: gcc
configure:3192: checking for C compiler version
configure:3201: gcc --version >&5
gcc (Ubuntu/Linaro 4.4.4-14ubuntu5) 4.4.5
Copyright (C) 2010 Free Software Foundation, Inc.
This is free software; see the source for copying conditions.  There is NO
warranty; not even for MERCHANTABILITY or FITNESS FOR A PARTICULAR PURPOSE.

configure:3212: $? = 0
configure:3201: gcc -v >&5
Using built-in specs.
Target: i686-linux-gnu
Configured with: ../src/configure -v --with-pkgversion='Ubuntu/Linaro 4.4.4-14ubuntu5' --with-bugurl=file:///usr/share/doc/gcc-4.4/README.Bugs --enable-languages=c,c++,fortran,objc,obj-c++ --prefix=/usr --program-suffix=-4.4 --enable-shared --enable-multiarch --enable-linker-build-id --with-system-zlib --libexecdir=/usr/lib --without-included-gettext --enable-threads=posix --with-gxx-include-dir=/usr/include/c++/4.4 --libdir=/usr/lib --enable-nls --with-sysroot=/ --enable-clocale=gnu --enable-libstdcxx-debug --enable-objc-gc --enable-targets=all --disable-werror --with-arch-32=i686 --with-tune=generic --enable-checking=release --build=i686-linux-gnu --host=i686-linux-gnu --target=i686-linux-gnu
Thread model: posix
gcc version 4.4.5 (Ubuntu/Linaro 4.4.4-14ubuntu5) 
configure:3212: $? = 0
configure:3201: gcc -V >&5
gcc: '-V' option must have argument
configure:3212: $? = 1
configure:3201: gcc -qversion >&5
gcc: unrecognized option '-qversion'
gcc: no input files
configure:3212: $? = 1
configure:3232: checking whether the C compiler works
configure:3254: gcc    conftest.c  >&5
configure:3258: $? = 0
configure:3307: result: yes
configure:3310: checking for C compiler default output file name
configure:3312: result: a.out
configure:3318: checking for suffix of executables
configure:3325: gcc -o conftest    conftest.c  >&5
configure:3329: $? = 0
configure:3351: result: 
configure:3373: checking whether we are cross compiling
configure:3381: gcc -o conftest    conftest.c  >&5
configure:3385: $? = 0
configure:3392: ./conftest
configure:3396: $? = 0
configure:3411: result: no
configure:3416: checking for suffix of object files
configure:3438: gcc -c   conftest.c >&5
configure:3442: $? = 0
configure:3463: result: o
configure:3467: checking whether we are using the GNU C compiler
configure:3486: gcc -c   conftest.c >&5
configure:3486: $? = 0
configure:3495: result: yes
configure:3504: checking whether gcc accepts -g
configure:3524: gcc -c -g  conftest.c >&5
configure:3524: $? = 0
configure:3565: result: yes
configure:3582: checking for gcc option to accept ISO C89
configure:3646: gcc  -c -g -O2  conftest.c >&5
configure:3646: $? = 0
configure:3659: result: none needed
configure:3690: checking for style of include used by make
configure:3718: result: GNU
configure:3743: checking dependency style of gcc
configure:3853: result: gcc3
configure:3924: checking for a sed that does not truncate output
configure:3988: result: /bin/sed
configure:4006: checking for grep that handles long lines and -e
configure:4064: result: /bin/grep
configure:4069: checking for egrep
configure:4131: result: /bin/grep -E
configure:4136: checking for fgrep
configure:4198: result: /bin/grep -F
configure:4233: checking for ld used by gcc
configure:4300: result: /usr/bin/ld
configure:4307: checking if the linker (/usr/bin/ld) is GNU ld
configure:4322: result: yes
configure:4334: checking for BSD- or MS-compatible name lister (nm)
configure:4383: result: /usr/bin/nm -B
configure:4501: checking the name lister (/usr/bin/nm -B) interface
configure:4508: gcc -c -g -O2  conftest.c >&5
configure:4511: /usr/bin/nm -B "conftest.o"
configure:4514: output
00000000 B some_variable
configure:4521: result: BSD nm
configure:4524: checking whether ln -s works
configure:4528: result: yes
configure:4536: checking the maximum length of command line arguments
configure:4656: result: 1572864
configure:4673: checking whether the shell understands some XSI constructs
configure:4683: result: yes
configure:4687: checking whether the shell understands "+="
configure:4693: result: yes
configure:4728: checking for /usr/bin/ld option to reload object files
configure:4735: result: -r
configure:4804: checking for objdump
configure:4820: found /usr/bin/objdump
configure:4831: result: objdump
configure:4863: checking how to recognize dependent libraries
configure:5059: result: pass_all
configure:5119: checking for ar
configure:5135: found /usr/bin/ar
configure:5146: result: ar
configure:5224: checking for strip
configure:5240: found /usr/bin/strip
configure:5251: result: strip
configure:5323: checking for ranlib
configure:5339: found /usr/bin/ranlib
configure:5350: result: ranlib
configure:5440: checking command to parse /usr/bin/nm -B output from gcc object
configure:5558: gcc -c -g -O2  conftest.c >&5
configure:5561: $? = 0
configure:5565: /usr/bin/nm -B conftest.o \| sed -n -e 's/^.*[	 ]\([ABCDGIRSTW][ABCDGIRSTW]*\)[	 ][	 ]*\([_A-Za-z][_A-Za-z0-9]*\)$/\1 \2 \2/p' \> conftest.nm
configure:5568: $? = 0
configure:5622: gcc -o conftest -g -O2   conftest.c conftstm.o >&5
configure:5625: $? = 0
configure:5663: result: ok
configure:6472: checking how to run the C preprocessor
configure:6503: gcc -E  conftest.c
configure:6503: $? = 0
configure:6517: gcc -E  conftest.c
conftest.c:11: fatal error: ac_nonexistent.h: No such file or directory
compilation terminated.
configure:6517: $? = 1
configure: failed program was:
| /* confdefs.h */
| #define PACKAGE_NAME "libnetfilter_conntrack"
| #define PACKAGE_TARNAME "libnetfilter_conntrack"
| #define PACKAGE_VERSION "0.9.1"
| #define PACKAGE_STRING "libnetfilter_conntrack 0.9.1"
| #define PACKAGE_BUGREPORT ""
| #define PACKAGE_URL ""
| #define PACKAGE "libnetfilter_conntrack"
| #define VERSION "0.9.1"
| /* end confdefs.h.  */
| #include <ac_nonexistent.h>
configure:6542: result: gcc -E
configure:6562: gcc -E  conftest.c
configure:6562: $? = 0
configure:6576: gcc -E  conftest.c
conftest.c:11: fatal error: ac_nonexistent.h: No such file or directory
compilation terminated.
configure:6576: $? = 1
configure: failed program was:
| /* confdefs.h */
| #define PACKAGE_NAME "libnetfilter_conntrack"
| #define PACKAGE_TARNAME "libnetfilter_conntrack"
| #define PACKAGE_VERSION "0.9.1"
| #define PACKAGE_STRING "libnetfilter_conntrack 0.9.1"
| #define PACKAGE_BUGREPORT ""
| #define PACKAGE_URL ""
| #define PACKAGE "libnetfilter_conntrack"
| #define VERSION "0.9.1"
| /* end confdefs.h.  */
| #include <ac_nonexistent.h>
configure:6605: checking for ANSI C header files
configure:6625: gcc -c -g -O2  conftest.c >&5
configure:6625: $? = 0
configure:6698: gcc -o conftest -g -O2   conftest.c  >&5
configure:6698: $? = 0
configure:6698: ./conftest
configure:6698: $? = 0
configure:6709: result: yes
configure:6722: checking for sys/types.h
configure:6722: gcc -c -g -O2  conftest.c >&5
configure:6722: $? = 0
configure:6722: result: yes
configure:6722: checking for sys/stat.h
configure:6722: gcc -c -g -O2  conftest.c >&5
configure:6722: $? = 0
configure:6722: result: yes
configure:6722: checking for stdlib.h
configure:6722: gcc -c -g -O2  conftest.c >&5
configure:6722: $? = 0
configure:6722: result: yes
configure:6722: checking for string.h
configure:6722: gcc -c -g -O2  conftest.c >&5
configure:6722: $? = 0
configure:6722: result: yes
configure:6722: checking for memory.h
configure:6722: gcc -c -g -O2  conftest.c >&5
configure:6722: $? = 0
configure:6722: result: yes
configure:6722: checking for strings.h
configure:6722: gcc -c -g -O2  conftest.c >&5
configure:6722: $? = 0
configure:6722: result: yes
configure:6722: checking for inttypes.h
configure:6722: gcc -c -g -O2  conftest.c >&5
configure:6722: $? = 0
configure:6722: result: yes
configure:6722: checking for stdint.h
configure:6722: gcc -c -g -O2  conftest.c >&5
configure:6722: $? = 0
configure:6722: result: yes
configure:6722: checking for unistd.h
configure:6722: gcc -c -g -O2  conftest.c >&5
configure:6722: $? = 0
configure:6722: result: yes
configure:6737: checking for dlfcn.h
configure:6737: gcc -c -g -O2  conftest.c >&5
configure:6737: $? = 0
configure:6737: result: yes
configure:6891: checking for objdir
configure:6906: result: .libs
configure:7202: checking if gcc supports -fno-rtti -fno-exceptions
configure:7220: gcc -c -g -O2  -fno-rtti -fno-exceptions conftest.c >&5
cc1: warning: command line option "-fno-rtti" is valid for C++/ObjC++ but not for C
configure:7224: $? = 0
configure:7237: result: no
configure:7257: checking for gcc option to produce PIC
configure:7529: result: -fPIC -DPIC
configure:7541: checking if gcc PIC flag -fPIC -DPIC works
configure:7559: gcc -c -g -O2  -fPIC -DPIC -DPIC conftest.c >&5
configure:7563: $? = 0
configure:7576: result: yes
configure:7600: checking if gcc static flag -static works
configure:7628: result: yes
configure:7643: checking if gcc supports -c -o file.o
configure:7664: gcc -c -g -O2  -o out/conftest2.o conftest.c >&5
configure:7668: $? = 0
configure:7690: result: yes
configure:7698: checking if gcc supports -c -o file.o
configure:7745: result: yes
configure:7778: checking whether the gcc linker (/usr/bin/ld) supports shared libraries
configure:8769: result: yes
configure:8806: checking whether -lc should be explicitly linked in
configure:8811: gcc -c -g -O2  conftest.c >&5
configure:8814: $? = 0
configure:8829: gcc -shared conftest.o  -v -Wl,-soname -Wl,conftest -o conftest 2\>\&1 \| /bin/grep  -lc  \>/dev/null 2\>\&1
configure:8832: $? = 0
configure:8844: result: no
configure:9008: checking dynamic linker characteristics
configure:9441: gcc -o conftest -g -O2   -Wl,-rpath -Wl,/foo conftest.c  >&5
configure:9441: $? = 0
configure:9671: result: GNU/Linux ld.so
configure:9773: checking how to hardcode library paths into programs
configure:9798: result: immediate
configure:10318: checking whether stripping libraries is possible
configure:10323: result: yes
configure:10358: checking if libtool supports shared libraries
configure:10360: result: yes
configure:10363: checking whether to build shared libraries
configure:10384: result: yes
configure:10387: checking whether to build static libraries
configure:10391: result: no
configure:10427: checking whether ln -s works
configure:10431: result: yes
configure:10497: checking for pkg-config
configure:10515: found /usr/bin/pkg-config
configure:10527: result: /usr/bin/pkg-config
configure:10552: checking pkg-config is at least version 0.9.0
configure:10555: result: yes
configure:10565: checking for LIBNFNETLINK
configure:10572: $PKG_CONFIG --exists --print-errors "libnfnetlink >= 1.0.0"
configure:10575: $? = 0
configure:10588: $PKG_CONFIG --exists --print-errors "libnfnetlink >= 1.0.0"
configure:10591: $? = 0
configure:10648: result: yes
configure:10655: checking arpa/inet.h usability
configure:10655: gcc -c -g -O2  conftest.c >&5
configure:10655: $? = 0
configure:10655: result: yes
configure:10655: checking arpa/inet.h presence
configure:10655: gcc -E  conftest.c
configure:10655: $? = 0
configure:10655: result: yes
configure:10655: checking for arpa/inet.h
configure:10655: result: yes
configure:10667: checking for inet_ntop
configure:10667: gcc -o conftest -g -O2   conftest.c  >&5
configure:10667: $? = 0
configure:10667: result: yes
configure:10677: checking if inet_ntop supports IPv6
configure:10710: gcc -o conftest -g -O2   conftest.c  >&5
conftest.c: In function 'main':
conftest.c:44: warning: incompatible implicit declaration of built-in function 'exit'
configure:10710: $? = 0
configure:10710: ./conftest
configure:10710: $? = 0
configure:10711: result: yes
configure:10890: creating ./config.status

## ---------------------- ##
## Running config.status. ##
## ---------------------- ##

This file was extended by libnetfilter_conntrack config.status 0.9.1, which was
generated by GNU Autoconf 2.65.  Invocation command line was

  CONFIG_FILES    = 
  CONFIG_HEADERS  = 
  CONFIG_LINKS    = 
  CONFIG_COMMANDS = 
  $ ./config.status 

on wwwwww-701SD

config.status:1000: creating Makefile
config.status:1000: creating src/Makefile
config.status:1000: creating include/Makefile
config.status:1000: creating utils/Makefile
config.status:1000: creating qa/Makefile
config.status:1000: creating include/libnetfilter_conntrack/Makefile
config.status:1000: creating include/internal/Makefile
config.status:1000: creating src/conntrack/Makefile
config.status:1000: creating src/expect/Makefile
config.status:1000: creating libnetfilter_conntrack.pc
config.status:1000: creating doxygen.cfg
config.status:1163: executing depfiles commands
config.status:1163: executing libtool commands

## ---------------- ##
## Cache variables. ##
## ---------------- ##

ac_cv_build=i686-pc-linux-gnu
ac_cv_c_compiler_gnu=yes
ac_cv_env_CC_set=
ac_cv_env_CC_value=
ac_cv_env_CFLAGS_set=
ac_cv_env_CFLAGS_value=
ac_cv_env_CPPFLAGS_set=
ac_cv_env_CPPFLAGS_value=
ac_cv_env_CPP_set=
ac_cv_env_CPP_value=
ac_cv_env_LDFLAGS_set=
ac_cv_env_LDFLAGS_value=
ac_cv_env_LIBNFNETLINK_CFLAGS_set=
ac_cv_env_LIBNFNETLINK_CFLAGS_value=
ac_cv_env_LIBNFNETLINK_LIBS_set=
ac_cv_env_LIBNFNETLINK_LIBS_value=
ac_cv_env_LIBS_set=
ac_cv_env_LIBS_value=
ac_cv_env_PKG_CONFIG_LIBDIR_set=
ac_cv_env_PKG_CONFIG_LIBDIR_value=
ac_cv_env_PKG_CONFIG_PATH_set=
ac_cv_env_PKG_CONFIG_PATH_value=
ac_cv_env_PKG_CONFIG_set=
ac_cv_env_PKG_CONFIG_value=
ac_cv_env_build_alias_set=
ac_cv_env_build_alias_value=
ac_cv_env_host_alias_set=
ac_cv_env_host_alias_value=
ac_cv_env_target_alias_set=
ac_cv_env_target_alias_value=
ac_cv_func_inet_ntop=yes
ac_cv_header_arpa_inet_h=yes
ac_cv_header_dlfcn_h=yes
ac_cv_header_inttypes_h=yes
ac_cv_header_memory_h=yes
ac_cv_header_stdc=yes
ac_cv_header_stdint_h=yes
ac_cv_header_stdlib_h=yes
ac_cv_header_string_h=yes
ac_cv_header_strings_h=yes
ac_cv_header_sys_stat_h=yes
ac_cv_header_sys_types_h=yes
ac_cv_header_unistd_h=yes
ac_cv_host=i686-pc-linux-gnu
ac_cv_objext=o
ac_cv_path_EGREP='/bin/grep -E'
ac_cv_path_FGREP='/bin/grep -F'
ac_cv_path_GREP=/bin/grep
ac_cv_path_SED=/bin/sed
ac_cv_path_ac_pt_PKG_CONFIG=/usr/bin/pkg-config
ac_cv_path_install='/usr/bin/install -c'
ac_cv_path_mkdir=/bin/mkdir
ac_cv_prog_AWK=gawk
ac_cv_prog_CPP='gcc -E'
ac_cv_prog_ac_ct_AR=ar
ac_cv_prog_ac_ct_CC=gcc
ac_cv_prog_ac_ct_OBJDUMP=objdump
ac_cv_prog_ac_ct_RANLIB=ranlib
ac_cv_prog_ac_ct_STRIP=strip
ac_cv_prog_cc_c89=
ac_cv_prog_cc_g=yes
ac_cv_prog_make_make_set=yes
am_cv_CC_dependencies_compiler_type=gcc3
lt_cv_deplibs_check_method=pass_all
lt_cv_file_magic_cmd='$MAGIC_CMD'
lt_cv_file_magic_test_file=
lt_cv_ld_reload_flag=-r
lt_cv_nm_interface='BSD nm'
lt_cv_objdir=.libs
lt_cv_path_LD=/usr/bin/ld
lt_cv_path_NM='/usr/bin/nm -B'
lt_cv_prog_compiler_c_o=yes
lt_cv_prog_compiler_pic_works=yes
lt_cv_prog_compiler_rtti_exceptions=no
lt_cv_prog_compiler_static_works=yes
lt_cv_prog_gnu_ld=yes
lt_cv_sys_global_symbol_pipe='sed -n -e '\''s/^.*[	 ]\([ABCDGIRSTW][ABCDGIRSTW]*\)[	 ][	 ]*\([_A-Za-z][_A-Za-z0-9]*\)$/\1 \2 \2/p'\'''
lt_cv_sys_global_symbol_to_c_name_address='sed -n -e '\''s/^: \([^ ]*\) $/  {\"\1\", (void *) 0},/p'\'' -e '\''s/^[ABCDGIRSTW]* \([^ ]*\) \([^ ]*\)$/  {"\2", (void *) \&\2},/p'\'''
lt_cv_sys_global_symbol_to_c_name_address_lib_prefix='sed -n -e '\''s/^: \([^ ]*\) $/  {\"\1\", (void *) 0},/p'\'' -e '\''s/^[ABCDGIRSTW]* \([^ ]*\) \(lib[^ ]*\)$/  {"\2", (void *) \&\2},/p'\'' -e '\''s/^[ABCDGIRSTW]* \([^ ]*\) \([^ ]*\)$/  {"lib\2", (void *) \&\2},/p'\'''
lt_cv_sys_global_symbol_to_cdecl='sed -n -e '\''s/^T .* \(.*\)$/extern int \1();/p'\'' -e '\''s/^[ABCDGIRSTW]* .* \(.*\)$/extern char \1;/p'\'''
lt_cv_sys_max_cmd_len=1572864
pkg_cv_LIBNFNETLINK_CFLAGS=' '
pkg_cv_LIBNFNETLINK_LIBS='-lnfnetlink  '

## ----------------- ##
## Output variables. ##
## ----------------- ##

ACLOCAL='${SHELL} /home/wwwwww/Desktop/src/libnetfilter_conntrack-0.9.1/missing --run aclocal-1.11'
AMDEPBACKSLASH='\'
AMDEP_FALSE='#'
AMDEP_TRUE=''
AMTAR='${SHELL} /home/wwwwww/Desktop/src/libnetfilter_conntrack-0.9.1/missing --run tar'
AR='ar'
AUTOCONF='${SHELL} /home/wwwwww/Desktop/src/libnetfilter_conntrack-0.9.1/missing --run autoconf'
AUTOHEADER='${SHELL} /home/wwwwww/Desktop/src/libnetfilter_conntrack-0.9.1/missing --run autoheader'
AUTOMAKE='${SHELL} /home/wwwwww/Desktop/src/libnetfilter_conntrack-0.9.1/missing --run automake-1.11'
AWK='gawk'
CC='gcc'
CCDEPMODE='depmode=gcc3'
CFLAGS='-g -O2 -DLIBNETFILTER_CONNTRACK_DIR=\"${exec_prefix}/lib/libnetfilter_conntrack/\"'
CPP='gcc -E'
CPPFLAGS=''
CYGPATH_W='echo'
DEFS='-DPACKAGE_NAME=\"libnetfilter_conntrack\" -DPACKAGE_TARNAME=\"libnetfilter_conntrack\" -DPACKAGE_VERSION=\"0.9.1\" -DPACKAGE_STRING=\"libnetfilter_conntrack\ 0.9.1\" -DPACKAGE_BUGREPORT=\"\" -DPACKAGE_URL=\"\" -DPACKAGE=\"libnetfilter_conntrack\" -DVERSION=\"0.9.1\" -DSTDC_HEADERS=1 -DHAVE_SYS_TYPES_H=1 -DHAVE_SYS_STAT_H=1 -DHAVE_STDLIB_H=1 -DHAVE_STRING_H=1 -DHAVE_MEMORY_H=1 -DHAVE_STRINGS_H=1 -DHAVE_INTTYPES_H=1 -DHAVE_STDINT_H=1 -DHAVE_UNISTD_H=1 -DHAVE_DLFCN_H=1 -DLT_OBJDIR=\".libs/\" -DHAVE_ARPA_INET_H=1 -DHAVE_INET_NTOP=1 -DHAVE_INET_NTOP_IPV6=1'
DEPDIR='.deps'
DSYMUTIL=''
DUMPBIN=''
ECHO_C=''
ECHO_N='-n'
ECHO_T=''
EGREP='/bin/grep -E'
EXEEXT=''
FGREP='/bin/grep -F'
GREP='/bin/grep'
INSTALL_DATA='${INSTALL} -m 644'
INSTALL_PROGRAM='${INSTALL}'
INSTALL_SCRIPT='${INSTALL}'
INSTALL_STRIP_PROGRAM='$(install_sh) -c -s'
LD='/usr/bin/ld'
LDFLAGS=''
LIBNFNETLINK_CFLAGS=' '
LIBNFNETLINK_LIBS='-lnfnetlink  '
LIBOBJS=''
LIBS=''
LIBTOOL='$(SHELL) $(top_builddir)/libtool'
LIPO=''
LN_S='ln -s'
LTLIBOBJS=''
MAKEINFO='${SHELL} /home/wwwwww/Desktop/src/libnetfilter_conntrack-0.9.1/missing --run makeinfo'
MKDIR_P='/bin/mkdir -p'
NM='/usr/bin/nm -B'
NMEDIT=''
OBJDUMP='objdump'
OBJEXT='o'
OTOOL64=''
OTOOL=''
PACKAGE='libnetfilter_conntrack'
PACKAGE_BUGREPORT=''
PACKAGE_NAME='libnetfilter_conntrack'
PACKAGE_STRING='libnetfilter_conntrack 0.9.1'
PACKAGE_TARNAME='libnetfilter_conntrack'
PACKAGE_URL=''
PACKAGE_VERSION='0.9.1'
PATH_SEPARATOR=':'
PKG_CONFIG='/usr/bin/pkg-config'
PKG_CONFIG_LIBDIR=''
PKG_CONFIG_PATH=''
RANLIB='ranlib'
SED='/bin/sed'
SET_MAKE=''
SHELL='/bin/bash'
STRIP='strip'
VERSION='0.9.1'
ac_ct_CC='gcc'
ac_ct_DUMPBIN=''
am__EXEEXT_FALSE=''
am__EXEEXT_TRUE='#'
am__fastdepCC_FALSE='#'
am__fastdepCC_TRUE=''
am__include='include'
am__isrc=''
am__leading_dot='.'
am__quote=''
am__tar='${AMTAR} chof - "$$tardir"'
am__untar='${AMTAR} xf -'
bindir='${exec_prefix}/bin'
build='i686-pc-linux-gnu'
build_alias=''
build_cpu='i686'
build_os='linux-gnu'
build_vendor='pc'
datadir='${datarootdir}'
datarootdir='${prefix}/share'
docdir='${datarootdir}/doc/${PACKAGE_TARNAME}'
dvidir='${docdir}'
exec_prefix='${prefix}'
host='i686-pc-linux-gnu'
host_alias=''
host_cpu='i686'
host_os='linux-gnu'
host_vendor='pc'
htmldir='${docdir}'
includedir='${prefix}/include'
infodir='${datarootdir}/info'
install_sh='${SHELL} /home/wwwwww/Desktop/src/libnetfilter_conntrack-0.9.1/install-sh'
libdir='${exec_prefix}/lib'
libexecdir='${exec_prefix}/libexec'
localedir='${datarootdir}/locale'
localstatedir='${prefix}/var'
lt_ECHO='echo'
mandir='${datarootdir}/man'
mkdir_p='/bin/mkdir -p'
oldincludedir='/usr/include'
pdfdir='${docdir}'
prefix='/usr/local'
program_transform_name='s,x,x,'
psdir='${docdir}'
sbindir='${exec_prefix}/sbin'
sharedstatedir='${prefix}/com'
sysconfdir='${prefix}/etc'
target_alias=''

## ----------- ##
## confdefs.h. ##
## ----------- ##

/* confdefs.h */
#define PACKAGE_NAME "libnetfilter_conntrack"
#define PACKAGE_TARNAME "libnetfilter_conntrack"
#define PACKAGE_VERSION "0.9.1"
#define PACKAGE_STRING "libnetfilter_conntrack 0.9.1"
#define PACKAGE_BUGREPORT ""
#define PACKAGE_URL ""
#define PACKAGE "libnetfilter_conntrack"
#define VERSION "0.9.1"
#define STDC_HEADERS 1
#define HAVE_SYS_TYPES_H 1
#define HAVE_SYS_STAT_H 1
#define HAVE_STDLIB_H 1
#define HAVE_STRING_H 1
#define HAVE_MEMORY_H 1
#define HAVE_STRINGS_H 1
#define HAVE_INTTYPES_H 1
#define HAVE_STDINT_H 1
#define HAVE_UNISTD_H 1
#define HAVE_DLFCN_H 1
#define LT_OBJDIR ".libs/"
#define HAVE_ARPA_INET_H 1
#define HAVE_INET_NTOP 1
#define HAVE_INET_NTOP_IPV6 1

configure: exit 0
